Number of messages = 79

# warning: no titleSheet token in schematicDesign
# error: 'C3' device 'CAPC_1N_0603_X7R_100V_10%' is not defined
# error: 'C4' device 'CAPC_1N_0603_X7R_100V_10%' is not defined
# error: 'C5' device 'CAPC_1N_0603_X7R_100V_10%' is not defined
# error: 'R3' device 'RES3' is not defined
# error: 'C6' device 'CAPC_1N_0603_X7R_100V_10%' is not defined
# error: 'X1' device 'XT2' is not defined
# error: 'C7' device 'CAPC_1N_0603_X7R_100V_10%' is not defined
# error: 'L1' device 'INDUCTOR' is not defined
# error: 'C8' device 'CAPC_1N_0603_X7R_100V_10%' is not defined
# error: 'C9' device 'CAPC_1N_0603_X7R_100V_10%' is not defined
# error: 'L2' device 'INDUCTOR' is not defined
# error: 'C10' device 'CAPC_1N_0603_X7R_100V_10%' is not defined
# error: 'C11' device 'CAPC_1N_0603_X7R_100V_10%' is not defined
# error: 'C12' device 'CAPC_1N_0603_X7R_100V_10%' is not defined
# error: 'Q' device 'SW4' is not defined
# error: 'W' device 'SW4' is not defined
# error: 'E' device 'SW4' is not defined
# error: 'R' device 'SW4' is not defined
# error: 'T' device 'SW4' is not defined
# error: 'Y' device 'SW4' is not defined
# error: 'U' device 'SW4' is not defined
# error: 'I' device 'SW4' is not defined
# error: 'G' device 'SW4' is not defined
# error: 'H' device 'SW4' is not defined
# error: 'J' device 'SW4' is not defined
# error: 'K' device 'SW4' is not defined
# error: 'L' device 'SW4' is not defined
# error: 'Z' device 'SW4' is not defined
# error: 'X' device 'SW4' is not defined
# error: 'BACKSPACE' device 'SW4' is not defined
# error: 'C' device 'SW4' is not defined
# error: 'V' device 'SW4' is not defined
# error: 'B' device 'SW4' is not defined
# error: 'N' device 'SW4' is not defined
# error: 'M' device 'SW4' is not defined
# error: ',' device 'SW4' is not defined
# error: 'DOT' device 'SW4' is not defined
# error: 'ENTER' device 'SW4' is not defined
# error: 'SHIFT' device 'SW4' is not defined
# error: 'P' device 'SW4' is not defined
# error: 'A' device 'SW4' is not defined
# error: 'S' device 'SW4' is not defined
# error: 'D' device 'SW4' is not defined
# error: 'F' device 'SW4' is not defined
# error: 'O' device 'SW4' is not defined
# error: 'SPACE' device 'SW4' is not defined
# error: 'U4' device 'AMS1117' is not defined
# error: 'C17' device 'CAPC_1N_0603_X7R_100V_10%' is not defined
# error: 'C18' device 'CAPC_1N_0603_X7R_100V_10%' is not defined
# error: 'U2' device 'SX1280' is not defined
# error: 'A1' device 'ANTENNA' is not defined
# error: 'U1' device 'ATMEGA2560-16AU' is not defined
# error: 'U5' device 'HM-12' is not defined
# error: 'X2' device 'XT2' is not defined
# error: 'R6' device 'RES3' is not defined
# error: 'R7' device 'RES3' is not defined
# error: 'RESET' device 'SW4' is not defined
# error: 'H2' device 'E-INK_LCD' is not defined
# error: 'J1' device 'USB_MICRO_TYPEB' is not defined
# error: 'J5' device '610106249121' is not defined
# error: 'C1' device 'CAPC_1N_0603_X7R_100V_10%' is not defined
# error: 'C2' device 'CAPC_1N_0603_X7R_100V_10%' is not defined
# error: 'C13' device 'CAPC_1N_0603_X7R_100V_10%' is not defined
# error: 'J6' device '610110249121' is not defined
# error: 'L3.3V' device 'LED-SMD-0805' is not defined
# error: 'R4' device 'RES3' is not defined
# error: 'USER0' device 'LED-SMD-0805' is not defined
# error: 'USER1' device 'LED-SMD-0805' is not defined
# error: 'R17' device 'RES3' is not defined
# error: 'R18' device 'RES3' is not defined
# error: 'LTX0' device 'LED-SMD-0805' is not defined
# error: 'LRX0' device 'LED-SMD-0805' is not defined
# error: 'LRX2' device 'LED-SMD-0805' is not defined
# error: 'LTX2' device 'LED-SMD-0805' is not defined
# error: 'R21' device 'RES3' is not defined
# error: 'R22' device 'RES3' is not defined
# error: 'R19' device 'RES3' is not defined
# error: 'R20' device 'RES3' is not defined
