P-CAD Schematic ASCII File Export Log :
      Information : Start export of symbol definitions for parts
      Warning :     Symbol name [CAPC_1n_0603_X7R_100V_10%], mode [Normal], part [1] changed to [CAPC_1n_0603_X7R_100V_10%_1_N]
      Warning :     Symbol name [Res3], mode [Normal], part [1] changed to [Res3_1_N]
      Warning :     Symbol name [XT2], mode [Normal], part [1] changed to [XT2_1_N]
      Warning :     Symbol name [Inductor], mode [Normal], part [1] changed to [Inductor_1_N]
      Warning :     Symbol name [SW4], mode [Normal], part [1] changed to [SW4_1_N]
      Warning :     Elliptical arc at position [8780mil : 3750mil] converted to circular arc
      Warning :     Rectangle [8500mil : 3800mil]-[8800mil : 3820mil] exported as lines.
      Warning :     Rectangle [8590mil : 3820mil]-[8710mil : 3860mil] exported as lines.
      Warning :     Elliptical arc at position [8520mil : 3750mil] converted to circular arc
      Warning :     Symbol name [AMS1117], mode [Normal], part [1] changed to [AMS1117_1_N]
      Warning :     Rectangle [17250mil : 10000mil]-[17850mil : 10400mil] exported as lines.
      Warning :     Symbol name [SX1280], mode [Normal], part [1] changed to [SX1280_1_N]
      Warning :     Rectangle [11350mil : 7050mil]-[12850mil : 8550mil] exported as lines.
      Warning :     Symbol name [Antenna], mode [Normal], part [1] changed to [Antenna_1_N]
      Warning :     Rectangle [18450mil : 8200mil]-[18650mil : 8900mil] exported as lines.
      Warning :     Symbol name [ATmega2560-16AU], mode [Normal], part [1] changed to [ATmega2560-16AU_1_N]
      Warning :     Rectangle [3400mil : 5450mil]-[5400mil : 11450mil] exported as lines.
      Warning :     Symbol name [HM-12], mode [Normal], part [1] changed to [HM-12_1_N]
      Warning :     Rectangle [9500mil : 9900mil]-[10700mil : 12100mil] exported as lines.
      Warning :     Symbol name [E-Ink LCD], mode [Normal], part [1] changed to [E-Ink_LCD_1_N]
      Warning :     Rectangle [14150mil : 9500mil]-[14750mil : 10600mil] exported as lines.
      Warning :     Symbol name [USB_Micro_TypeB], mode [Normal], part [1] changed to [USB_Micro_TypeB_1_N]
      Warning :     Symbol name [610106249121], mode [Normal], part [1] changed to [610106249121_1_N]
      Warning :     Rectangle [6350mil : 2650mil]-[6750mil : 3050mil] exported as lines.
      Warning :     Symbol name [610110249121], mode [Normal], part [1] changed to [610110249121_1_N]
      Warning :     Rectangle [2450mil : 2550mil]-[2850mil : 3150mil] exported as lines.
      Warning :     Symbol name [LED-SMD-0805], mode [Normal], part [1] changed to [LED-SMD-0805_1_N]
      Information : End export of symbol definitions for part
      Information : Start exporting the symbol definitions for power ports
      Warning :     End exporting the symbol defintions for power ports
      Information : Start exporting component definitions
      Warning :     Component [C3] in sheet [C:\Users\Boss\AppData\Local\Temp\ProA14F.tmp] doesn't have a library reference
      Warning :     Component [C4] in sheet [C:\Users\Boss\AppData\Local\Temp\ProA14F.tmp] doesn't have a library reference
      Warning :     Component [C5] in sheet [C:\Users\Boss\AppData\Local\Temp\ProA14F.tmp] doesn't have a library reference
      Warning :     Component [R3] in sheet [C:\Users\Boss\AppData\Local\Temp\ProA14F.tmp] doesn't have a library reference
      Warning :     Component [C6] in sheet [C:\Users\Boss\AppData\Local\Temp\ProA14F.tmp] doesn't have a library reference
      Warning :     Component [X1] in sheet [C:\Users\Boss\AppData\Local\Temp\ProA14F.tmp] doesn't have a library reference
      Warning :     Component [C7] in sheet [C:\Users\Boss\AppData\Local\Temp\ProA14F.tmp] doesn't have a library reference
      Warning :     Component [L1] in sheet [C:\Users\Boss\AppData\Local\Temp\ProA14F.tmp] doesn't have a library reference
      Warning :     Component [C8] in sheet [C:\Users\Boss\AppData\Local\Temp\ProA14F.tmp] doesn't have a library reference
      Warning :     Component [C9] in sheet [C:\Users\Boss\AppData\Local\Temp\ProA14F.tmp] doesn't have a library reference
      Warning :     Component [L2] in sheet [C:\Users\Boss\AppData\Local\Temp\ProA14F.tmp] doesn't have a library reference
      Warning :     Component [C10] in sheet [C:\Users\Boss\AppData\Local\Temp\ProA14F.tmp] doesn't have a library reference
      Warning :     Component [C11] in sheet [C:\Users\Boss\AppData\Local\Temp\ProA14F.tmp] doesn't have a library reference
      Warning :     Component [C12] in sheet [C:\Users\Boss\AppData\Local\Temp\ProA14F.tmp] doesn't have a library reference
      Warning :     Component [Q] in sheet [C:\Users\Boss\AppData\Local\Temp\ProA14F.tmp] doesn't have a library reference
      Warning :     Component [W] in sheet [C:\Users\Boss\AppData\Local\Temp\ProA14F.tmp] doesn't have a library reference
      Warning :     Component [E] in sheet [C:\Users\Boss\AppData\Local\Temp\ProA14F.tmp] doesn't have a library reference
      Warning :     Component [R] in sheet [C:\Users\Boss\AppData\Local\Temp\ProA14F.tmp] doesn't have a library reference
      Warning :     Component [T] in sheet [C:\Users\Boss\AppData\Local\Temp\ProA14F.tmp] doesn't have a library reference
      Warning :     Component [Y] in sheet [C:\Users\Boss\AppData\Local\Temp\ProA14F.tmp] doesn't have a library reference
      Warning :     Component [U] in sheet [C:\Users\Boss\AppData\Local\Temp\ProA14F.tmp] doesn't have a library reference
      Warning :     Component [I] in sheet [C:\Users\Boss\AppData\Local\Temp\ProA14F.tmp] doesn't have a library reference
      Warning :     Component [G] in sheet [C:\Users\Boss\AppData\Local\Temp\ProA14F.tmp] doesn't have a library reference
      Warning :     Component [H] in sheet [C:\Users\Boss\AppData\Local\Temp\ProA14F.tmp] doesn't have a library reference
      Warning :     Component [J] in sheet [C:\Users\Boss\AppData\Local\Temp\ProA14F.tmp] doesn't have a library reference
      Warning :     Component [K] in sheet [C:\Users\Boss\AppData\Local\Temp\ProA14F.tmp] doesn't have a library reference
      Warning :     Component [L] in sheet [C:\Users\Boss\AppData\Local\Temp\ProA14F.tmp] doesn't have a library reference
      Warning :     Component [Z] in sheet [C:\Users\Boss\AppData\Local\Temp\ProA14F.tmp] doesn't have a library reference
      Warning :     Component [X] in sheet [C:\Users\Boss\AppData\Local\Temp\ProA14F.tmp] doesn't have a library reference
      Warning :     Component [BACKSPACE] in sheet [C:\Users\Boss\AppData\Local\Temp\ProA14F.tmp] doesn't have a library reference
      Warning :     Component [C] in sheet [C:\Users\Boss\AppData\Local\Temp\ProA14F.tmp] doesn't have a library reference
      Warning :     Component [V] in sheet [C:\Users\Boss\AppData\Local\Temp\ProA14F.tmp] doesn't have a library reference
      Warning :     Component [B] in sheet [C:\Users\Boss\AppData\Local\Temp\ProA14F.tmp] doesn't have a library reference
      Warning :     Component [N] in sheet [C:\Users\Boss\AppData\Local\Temp\ProA14F.tmp] doesn't have a library reference
      Warning :     Component [M] in sheet [C:\Users\Boss\AppData\Local\Temp\ProA14F.tmp] doesn't have a library reference
      Warning :     Component [,] in sheet [C:\Users\Boss\AppData\Local\Temp\ProA14F.tmp] doesn't have a library reference
      Warning :     Component [DOT] in sheet [C:\Users\Boss\AppData\Local\Temp\ProA14F.tmp] doesn't have a library reference
      Warning :     Component [ENTER] in sheet [C:\Users\Boss\AppData\Local\Temp\ProA14F.tmp] doesn't have a library reference
      Warning :     Component [SHIFT] in sheet [C:\Users\Boss\AppData\Local\Temp\ProA14F.tmp] doesn't have a library reference
      Warning :     Component [P] in sheet [C:\Users\Boss\AppData\Local\Temp\ProA14F.tmp] doesn't have a library reference
      Warning :     Component [A] in sheet [C:\Users\Boss\AppData\Local\Temp\ProA14F.tmp] doesn't have a library reference
      Warning :     Component [S] in sheet [C:\Users\Boss\AppData\Local\Temp\ProA14F.tmp] doesn't have a library reference
      Warning :     Component [D] in sheet [C:\Users\Boss\AppData\Local\Temp\ProA14F.tmp] doesn't have a library reference
      Warning :     Component [F] in sheet [C:\Users\Boss\AppData\Local\Temp\ProA14F.tmp] doesn't have a library reference
      Warning :     Component [O] in sheet [C:\Users\Boss\AppData\Local\Temp\ProA14F.tmp] doesn't have a library reference
      Warning :     Component [SPACE] in sheet [C:\Users\Boss\AppData\Local\Temp\ProA14F.tmp] doesn't have a library reference
      Warning :     Component [U4] in sheet [C:\Users\Boss\AppData\Local\Temp\ProA14F.tmp] doesn't have a library reference
      Warning :     Component [C17] in sheet [C:\Users\Boss\AppData\Local\Temp\ProA14F.tmp] doesn't have a library reference
      Warning :     Component [C18] in sheet [C:\Users\Boss\AppData\Local\Temp\ProA14F.tmp] doesn't have a library reference
      Warning :     Component [U2] in sheet [C:\Users\Boss\AppData\Local\Temp\ProA14F.tmp] doesn't have a library reference
      Warning :     Component [A1] in sheet [C:\Users\Boss\AppData\Local\Temp\ProA14F.tmp] doesn't have a library reference
      Warning :     Component [U1] in sheet [C:\Users\Boss\AppData\Local\Temp\ProA14F.tmp] doesn't have a library reference
      Warning :     Component [U5] in sheet [C:\Users\Boss\AppData\Local\Temp\ProA14F.tmp] doesn't have a library reference
      Warning :     Component [X2] in sheet [C:\Users\Boss\AppData\Local\Temp\ProA14F.tmp] doesn't have a library reference
      Warning :     Component [R6] in sheet [C:\Users\Boss\AppData\Local\Temp\ProA14F.tmp] doesn't have a library reference
      Warning :     Component [R7] in sheet [C:\Users\Boss\AppData\Local\Temp\ProA14F.tmp] doesn't have a library reference
      Warning :     Component [RESET] in sheet [C:\Users\Boss\AppData\Local\Temp\ProA14F.tmp] doesn't have a library reference
      Warning :     Component [H2] in sheet [C:\Users\Boss\AppData\Local\Temp\ProA14F.tmp] doesn't have a library reference
      Warning :     Component [J1] in sheet [C:\Users\Boss\AppData\Local\Temp\ProA14F.tmp] doesn't have a library reference
      Warning :     Component [J5] in sheet [C:\Users\Boss\AppData\Local\Temp\ProA14F.tmp] doesn't have a library reference
      Warning :     Component [C1] in sheet [C:\Users\Boss\AppData\Local\Temp\ProA14F.tmp] doesn't have a library reference
      Warning :     Component [C2] in sheet [C:\Users\Boss\AppData\Local\Temp\ProA14F.tmp] doesn't have a library reference
      Warning :     Component [C13] in sheet [C:\Users\Boss\AppData\Local\Temp\ProA14F.tmp] doesn't have a library reference
      Warning :     Component [J6] in sheet [C:\Users\Boss\AppData\Local\Temp\ProA14F.tmp] doesn't have a library reference
      Warning :     Component [L3.3V] in sheet [C:\Users\Boss\AppData\Local\Temp\ProA14F.tmp] doesn't have a library reference
      Warning :     Component [R4] in sheet [C:\Users\Boss\AppData\Local\Temp\ProA14F.tmp] doesn't have a library reference
      Warning :     Component [USER0] in sheet [C:\Users\Boss\AppData\Local\Temp\ProA14F.tmp] doesn't have a library reference
      Warning :     Component [USER1] in sheet [C:\Users\Boss\AppData\Local\Temp\ProA14F.tmp] doesn't have a library reference
      Warning :     Component [R17] in sheet [C:\Users\Boss\AppData\Local\Temp\ProA14F.tmp] doesn't have a library reference
      Warning :     Component [R18] in sheet [C:\Users\Boss\AppData\Local\Temp\ProA14F.tmp] doesn't have a library reference
      Warning :     Component [LTX0] in sheet [C:\Users\Boss\AppData\Local\Temp\ProA14F.tmp] doesn't have a library reference
      Warning :     Component [LRX0] in sheet [C:\Users\Boss\AppData\Local\Temp\ProA14F.tmp] doesn't have a library reference
      Warning :     Component [LRX2] in sheet [C:\Users\Boss\AppData\Local\Temp\ProA14F.tmp] doesn't have a library reference
      Warning :     Component [LTX2] in sheet [C:\Users\Boss\AppData\Local\Temp\ProA14F.tmp] doesn't have a library reference
      Warning :     Component [R21] in sheet [C:\Users\Boss\AppData\Local\Temp\ProA14F.tmp] doesn't have a library reference
      Warning :     Component [R22] in sheet [C:\Users\Boss\AppData\Local\Temp\ProA14F.tmp] doesn't have a library reference
      Warning :     Component [R19] in sheet [C:\Users\Boss\AppData\Local\Temp\ProA14F.tmp] doesn't have a library reference
      Warning :     Component [R20] in sheet [C:\Users\Boss\AppData\Local\Temp\ProA14F.tmp] doesn't have a library reference
      Information : End exporting component definitions
      Information : Start exporting component definitions for power ports
      Warning :     End exporting component definitions for powerports
      Information : Start export of netlist
      Information : Start export of component instances
      Information : End export of component instances
      Information : Start export of nets
      Information : End export of nets
      Information : End export of netlist
      Information : Start exporting the objects for sheet [schematic]
      Information : Start WIRES export
      Information : End WIRES export
      Information : Start BUSES export
      Information : End BUSES export
      Information : Start PORTS export
      Information : End PORTS export
      Warning :     P-CAD doesn't support object type [Parameter]
      Warning :     P-CAD doesn't support object type [Parameter]
      Warning :     P-CAD doesn't support object type [Parameter]
      Warning :     P-CAD doesn't support object type [Parameter]
      Warning :     P-CAD doesn't support object type [Parameter]
      Warning :     P-CAD doesn't support object type [Parameter]
      Warning :     P-CAD doesn't support object type [Parameter]
      Warning :     P-CAD doesn't support object type [Parameter]
      Warning :     P-CAD doesn't support object type [Parameter]
      Warning :     P-CAD doesn't support object type [Parameter]
      Warning :     P-CAD doesn't support object type [Parameter]
      Warning :     P-CAD doesn't support object type [Parameter]
      Warning :     P-CAD doesn't support object type [Parameter]
      Warning :     P-CAD doesn't support object type [Parameter]
      Warning :     P-CAD doesn't support object type [Parameter]
      Warning :     P-CAD doesn't support object type [Parameter]
      Warning :     P-CAD doesn't support object type [Parameter]
      Warning :     P-CAD doesn't support object type [Parameter]
      Warning :     P-CAD doesn't support object type [Parameter]
      Warning :     P-CAD doesn't support object type [Parameter]
      Warning :     P-CAD doesn't support object type [Parameter]
      Warning :     P-CAD doesn't support object type [Parameter]
      Warning :     P-CAD doesn't support object type [Parameter]
      Warning :     P-CAD doesn't support object type [Parameter]
      Warning :     P-CAD doesn't support object type [Parameter]
      Warning :     P-CAD doesn't support object type [Parameter]
      Warning :     P-CAD doesn't support object type [Parameter]
      Warning :     Exporting powerport at [10350mil : 8350mil] as component with designator [GND1]
      Warning :     Exporting powerport at [9550mil : 7150mil] as component with designator [GND2]
      Warning :     Exporting powerport at [9800mil : 7650mil] as component with designator [P3_3V1]
      Warning :     Exporting powerport at [8650mil : 7950mil] as component with designator [GND3]
      Warning :     Exporting powerport at [10950mil : 6300mil] as component with designator [GND4]
      Warning :     Exporting powerport at [14200mil : 7050mil] as component with designator [GND5]
      Warning :     Exporting powerport at [14200mil : 7450mil] as component with designator [P3_3V2]
      Warning :     Exporting powerport at [15950mil : 7550mil] as component with designator [GND6]
      Warning :     Exporting powerport at [16750mil : 9900mil] as component with designator [GND7]
      Warning :     Exporting powerport at [18000mil : 9700mil] as component with designator [GND8]
      Warning :     Exporting powerport at [18400mil : 11600mil] as component with designator [P3_3V3]
      Warning :     Exporting powerport at [5600mil : 5300mil] as component with designator [GND9]
      Warning :     Exporting powerport at [6000mil : 6850mil] as component with designator [P3_3V4]
      Warning :     Exporting powerport at [1800mil : 6650mil] as component with designator [P3_3V5]
      Warning :     Exporting powerport at [1400mil : 6050mil] as component with designator [GND10]
      Warning :     Exporting powerport at [8950mil : 9500mil] as component with designator [GND11]
      Warning :     Exporting powerport at [11200mil : 9500mil] as component with designator [GND12]
      Warning :     Exporting powerport at [17100mil : 11550mil] as component with designator [P5V1]
      Warning :     Exporting powerport at [7050mil : 6500mil] as component with designator [GND13]
      Warning :     Exporting powerport at [17600mil : 10950mil] as component with designator [GND14]
      Warning :     Exporting powerport at [800mil : 11700mil] as component with designator [P3_3V6]
      Information : End exporting the objects for sheet [schematic]
EndLog
