Number of messages = 221

# warning: NodePadName not found USER1 2
# warning: NodePadName not found USER0 2
# warning: NodePadName not found LTX2 1
# warning: NodePadName not found LTX2 1
# warning: NodePadName not found LRX2 1
# warning: NodePadName not found LRX2 1
# warning: NodePadName not found LRX0 1
# warning: NodePadName not found LRX0 1
# warning: NodePadName not found LTX0 1
# warning: NodePadName not found LTX0 1
# warning: NodePadName not found USER1 1
# warning: NodePadName not found USER1 1
# warning: NodePadName not found USER0 1
# warning: NodePadName not found USER0 1
# warning: NodePadName not found L3.3V 1
# warning: NodePadName not found L3.3V 1
# warning: NodePadName not found H2 5
# warning: NodePadName not found U2 7
# warning: NodePadName not found U2 6
# warning: NodePadName not found U2 6
# warning: NodePadName not found X1 3
# warning: NodePadName not found X1 3
# warning: NodePadName not found C10 2
# warning: NodePadName not found C10 2
# warning: NodePadName not found C10 2
# warning: NodePadName not found C10 2
# warning: NodePadName not found C12 2
# warning: NodePadName not found C12 2
# warning: NodePadName not found C12 2
# warning: NodePadName not found U2 22
# warning: NodePadName not found U2 22
# warning: NodePadName not found U2 22
# warning: NodePadName not found C5 2
# warning: NodePadName not found C5 2
# warning: NodePadName not found C5 2
# warning: NodePadName not found U2 12
# warning: NodePadName not found U2 12
# warning: NodePadName not found U2 12
# warning: NodePadName not found U2 12
# warning: NodePadName not found U2 1
# warning: NodePadName not found U2 1
# warning: NodePadName not found C13 2
# warning: NodePadName not found C13 2
# warning: NodePadName not found C13 2
# warning: NodePadName not found C13 2
# warning: NodePadName not found C13 2
# warning: NodePadName not found C13 2
# warning: NodePadName not found C13 2
# warning: NodePadName not found C13 2
# warning: NodePadName not found C13 2
# warning: NodePadName not found C13 2
# warning: NodePadName not found C13 2
# warning: NodePadName not found C13 2
# warning: NodePadName not found C13 2
# warning: NodePadName not found C13 2
# warning: NodePadName not found C13 2
# warning: NodePadName not found C13 2
# warning: NodePadName not found C13 2
# warning: NodePadName not found C13 2
# warning: NodePadName not found C13 2
# warning: NodePadName not found C13 2
# warning: NodePadName not found C13 2
# warning: NodePadName not found C13 2
# warning: NodePadName not found C13 2
# warning: NodePadName not found C13 1
# warning: NodePadName not found C13 1
# warning: NodePadName not found C13 1
# warning: NodePadName not found C13 1
# warning: NodePadName not found C13 1
# warning: NodePadName not found C13 1
# warning: NodePadName not found C13 1
# warning: NodePadName not found C13 1
# warning: NodePadName not found C13 1
# warning: NodePadName not found C13 1
# warning: NodePadName not found C13 1
# warning: NodePadName not found C13 1
# warning: NodePadName not found C13 1
# warning: NodePadName not found C13 1
# warning: NodePadName not found C13 1
# warning: NodePadName not found C13 1
# warning: NodePadName not found C13 1
# warning: NodePadName not found C13 1
# warning: NodePadName not found C13 1
# warning: NodePadName not found C13 1
# warning: NodePadName not found C13 1
# warning: NodePadName not found C13 1
# warning: NodePadName not found C13 1
# warning: NodePadName not found C13 1
# warning: NodePadName not found C13 1
# warning: NodePadName not found C13 1
# warning: NodePadName not found C13 1
# warning: NodePadName not found C13 1
# warning: NodePadName not found C13 1
# warning: NodePadName not found C13 1
# warning: NodePadName not found C13 1
# warning: NodePadName not found C13 1
# warning: NodePadName not found H2 8
# warning: NodePadName not found H2 6
# warning: NodePadName not found H2 7
# warning: NodePadName not found U2 16
# warning: NodePadName not found H2 3
# warning: NodePadName not found H2 3
# warning: NodePadName not found H2 3
# warning: NodePadName not found U2 19
# warning: NodePadName not found H2 4
# warning: NodePadName not found H2 4
# warning: NodePadName not found H2 4
# warning: NodePadName not found U2 3
# warning: NodePadName not found C 3
# warning: NodePadName not found C 3
# warning: NodePadName not found C 3
# warning: NodePadName not found C 3
# warning: NodePadName not found C 3
# warning: NodePadName not found V 3
# warning: NodePadName not found V 3
# warning: NodePadName not found V 3
# warning: NodePadName not found V 3
# warning: NodePadName not found V 3
# warning: NodePadName not found B 3
# warning: NodePadName not found B 3
# warning: NodePadName not found B 3
# warning: NodePadName not found B 3
# warning: NodePadName not found B 3
# warning: NodePadName not found A 3
# warning: NodePadName not found A 3
# warning: NodePadName not found A 3
# warning: NodePadName not found A 3
# warning: NodePadName not found A 3
# warning: NodePadName not found S 3
# warning: NodePadName not found S 3
# warning: NodePadName not found S 3
# warning: NodePadName not found S 3
# warning: NodePadName not found S 3
# warning: NodePadName not found Z 3
# warning: NodePadName not found Z 3
# warning: NodePadName not found Z 3
# warning: NodePadName not found Z 3
# warning: NodePadName not found Z 3
# warning: NodePadName not found X 3
# warning: NodePadName not found X 3
# warning: NodePadName not found X 3
# warning: NodePadName not found X 3
# warning: NodePadName not found X 3
# warning: NodePadName not found SPACE 3
# warning: NodePadName not found SPACE 3
# warning: NodePadName not found SPACE 3
# warning: NodePadName not found SPACE 3
# warning: NodePadName not found M 2
# warning: NodePadName not found M 2
# warning: NodePadName not found , 2
# warning: NodePadName not found , 2
# warning: NodePadName not found A 1
# warning: NodePadName not found A 1
# warning: NodePadName not found A 2
# warning: NodePadName not found A 2
# warning: NodePadName not found V 2
# warning: NodePadName not found V 2
# warning: NodePadName not found B 2
# warning: NodePadName not found B 2
# warning: NodePadName not found U 2
# warning: NodePadName not found U 2
# warning: NodePadName not found C 2
# warning: NodePadName not found C 2
# warning: NodePadName not found S 2
# warning: NodePadName not found S 2
# warning: NodePadName not found D 2
# warning: NodePadName not found D 2
# warning: NodePadName not found SPACE 1
# warning: NodePadName not found SPACE 1
# warning: NodePadName not found W 2
# warning: NodePadName not found W 2
# warning: NodePadName not found E 2
# warning: NodePadName not found E 2
# warning: NodePadName not found F 2
# warning: NodePadName not found F 2
# warning: NodePadName not found G 2
# warning: NodePadName not found G 2
# warning: NodePadName not found H 2
# warning: NodePadName not found H 2
# warning: NodePadName not found I 2
# warning: NodePadName not found I 2
# warning: NodePadName not found J 2
# warning: NodePadName not found J 2
# warning: NodePadName not found K 2
# warning: NodePadName not found K 2
# warning: NodePadName not found Z 1
# warning: NodePadName not found Z 1
# warning: NodePadName not found N 2
# warning: NodePadName not found N 2
# warning: NodePadName not found O 2
# warning: NodePadName not found O 2
# warning: NodePadName not found Q 2
# warning: NodePadName not found Q 2
# warning: NodePadName not found R 2
# warning: NodePadName not found R 2
# warning: NodePadName not found SHIFT 1
# warning: NodePadName not found SHIFT 1
# warning: NodePadName not found T 2
# warning: NodePadName not found T 2
# warning: NodePadName not found Y 2
# warning: NodePadName not found Y 2
# warning: NodePadName not found Z 2
# warning: NodePadName not found Z 2
# warning: NodePadName not found BACKSPACE 2
# warning: NodePadName not found ENTER 2
# warning: NodePadName not found SHIFT 2
# warning: NodePadName not found SPACE 2
# warning: NodePadName not found SPACE 2
# warning: NodePadName not found C11 1
# warning: NodePadName not found C11 1
# warning: NodePadName not found C17 2
# warning: NodePadName not found X2 2
# warning: NodePadName not found RESET 1
# warning: NodePadName not found RESET 1
# warning: NodePadName not found RESET 4
# warning: NodePadName not found RESET 4
# warning: NodePadName not found LRX2 2
# warning: NodePadName not found LTX2 2
# warning: NodePadName not found X2 1
# warning: NodePadName not found LTX0 2
# warning: NodePadName not found LRX0 2
