Number of messages = 62

# warning: no titleSheet token in schematicDesign
# error: 'R1' device 'RES3' is not defined
# error: 'R2' device 'RES3' is not defined
# error: 'J1' device '610114249121' is not defined
# error: 'C3' device 'CAPC_1N_0603_X7R_100V_10%' is not defined
# error: 'C4' device 'CAPC_1N_0603_X7R_100V_10%' is not defined
# error: 'C5' device 'CAPC_1N_0603_X7R_100V_10%' is not defined
# error: 'R3' device 'RES3' is not defined
# error: 'C6' device 'CAPC_1N_0603_X7R_100V_10%' is not defined
# error: 'X1' device 'XT2' is not defined
# error: 'C7' device 'CAPC_1N_0603_X7R_100V_10%' is not defined
# error: 'L1' device 'INDUCTOR' is not defined
# error: 'C8' device 'CAPC_1N_0603_X7R_100V_10%' is not defined
# error: 'C9' device 'CAPC_1N_0603_X7R_100V_10%' is not defined
# error: 'L2' device 'INDUCTOR' is not defined
# error: 'C10' device 'CAPC_1N_0603_X7R_100V_10%' is not defined
# error: 'C11' device 'CAPC_1N_0603_X7R_100V_10%' is not defined
# error: 'C12' device 'CAPC_1N_0603_X7R_100V_10%' is not defined
# error: 'Q' device 'SW4' is not defined
# error: 'W' device 'SW4' is not defined
# error: 'E' device 'SW4' is not defined
# error: 'R' device 'SW4' is not defined
# error: 'T' device 'SW4' is not defined
# error: 'Y' device 'SW4' is not defined
# error: 'U' device 'SW4' is not defined
# error: 'I' device 'SW4' is not defined
# error: 'G' device 'SW4' is not defined
# error: 'H' device 'SW4' is not defined
# error: 'J' device 'SW4' is not defined
# error: 'K' device 'SW4' is not defined
# error: 'L' device 'SW4' is not defined
# error: 'Z' device 'SW4' is not defined
# error: 'X' device 'SW4' is not defined
# error: 'BACKSPACE' device 'SW4' is not defined
# error: 'C' device 'SW4' is not defined
# error: 'V' device 'SW4' is not defined
# error: 'B' device 'SW4' is not defined
# error: 'N' device 'SW4' is not defined
# error: 'M' device 'SW4' is not defined
# error: ',' device 'SW4' is not defined
# error: 'DOT' device 'SW4' is not defined
# error: 'ENTER' device 'SW4' is not defined
# error: 'SHIFT' device 'SW4' is not defined
# error: 'P' device 'SW4' is not defined
# error: 'A' device 'SW4' is not defined
# error: 'S' device 'SW4' is not defined
# error: 'D' device 'SW4' is not defined
# error: 'F' device 'SW4' is not defined
# error: 'O' device 'SW4' is not defined
# error: 'SPACE' device 'SW4' is not defined
# error: 'U3' device 'SX1509' is not defined
# error: 'R4' device 'RES3' is not defined
# error: 'R5' device 'RES3' is not defined
# error: 'C14' device 'CAPC_1N_0603_X7R_100V_10%' is not defined
# error: 'C15' device 'CAPC_1N_0603_X7R_100V_10%' is not defined
# error: 'J2' device 'HEADER_2' is not defined
# error: 'U4' device 'AMS1117' is not defined
# error: 'C17' device 'CAPC_1N_0603_X7R_100V_10%' is not defined
# error: 'C18' device 'CAPC_1N_0603_X7R_100V_10%' is not defined
# error: 'H2' device 'E-INK_LCD' is not defined
# error: 'U1' device 'CC2640_MODULE' is not defined
# error: 'U2' device 'SX1280' is not defined
