P-CAD Schematic ASCII File Export Log :
      Information : Start export of symbol definitions for parts
      Warning :     Symbol name [Res3], mode [Normal], part [1] changed to [Res3_1_N]
      Warning :     Symbol name [610114249121], mode [Normal], part [1] changed to [610114249121_1_N]
      Warning :     Rectangle [2250mil : 3350mil]-[2650mil : 4150mil] exported as lines.
      Warning :     Symbol name [CAPC_1n_0603_X7R_100V_10%], mode [Normal], part [1] changed to [CAPC_1n_0603_X7R_100V_10%_1_N]
      Warning :     Symbol name [XT2], mode [Normal], part [1] changed to [XT2_1_N]
      Warning :     Symbol name [Inductor], mode [Normal], part [1] changed to [Inductor_1_N]
      Warning :     Symbol name [SW4], mode [Normal], part [1] changed to [SW4_1_N]
      Warning :     Elliptical arc at position [8780mil : 3750mil] converted to circular arc
      Warning :     Rectangle [8500mil : 3800mil]-[8800mil : 3820mil] exported as lines.
      Warning :     Rectangle [8590mil : 3820mil]-[8710mil : 3860mil] exported as lines.
      Warning :     Elliptical arc at position [8520mil : 3750mil] converted to circular arc
      Warning :     Symbol name [SX1509], mode [Normal], part [1] changed to [SX1509_1_N]
      Warning :     Rectangle [5550mil : 1650mil]-[6850mil : 4050mil] exported as lines.
      Warning :     Symbol name [Header 2], mode [Normal], part [1] changed to [Header_2_1_N]
      Warning :     Rectangle [1100mil : 2400mil]-[1400mil : 2700mil] exported as lines.
      Warning :     Symbol name [AMS1117], mode [Normal], part [1] changed to [AMS1117_1_N]
      Warning :     Rectangle [2650mil : 1900mil]-[3250mil : 2300mil] exported as lines.
      Warning :     Symbol name [E-Ink LCD], mode [Normal], part [1] changed to [E-Ink_LCD_1_N]
      Warning :     Rectangle [17700mil : 5150mil]-[18300mil : 6250mil] exported as lines.
      Warning :     Symbol name [CC2640 Module], mode [Normal], part [1] changed to [CC2640_Module_1_N]
      Warning :     Rectangle [3650mil : 6100mil]-[6150mil : 8400mil] exported as lines.
      Warning :     Symbol name [SX1280], mode [Normal], part [1] changed to [SX1280_1_N]
      Warning :     Rectangle [11350mil : 7050mil]-[12850mil : 8550mil] exported as lines.
      Information : End export of symbol definitions for part
      Information : Start exporting the symbol definitions for power ports
      Warning :     End exporting the symbol defintions for power ports
      Information : Start exporting component definitions
      Warning :     Component [R1] in sheet [C:\Users\Boss\AppData\Local\Temp\Pro41CC.tmp] doesn't have a library reference
      Warning :     Component [R2] in sheet [C:\Users\Boss\AppData\Local\Temp\Pro41CC.tmp] doesn't have a library reference
      Warning :     Component [J1] in sheet [C:\Users\Boss\AppData\Local\Temp\Pro41CC.tmp] doesn't have a library reference
      Warning :     Component [C3] in sheet [C:\Users\Boss\AppData\Local\Temp\Pro41CC.tmp] doesn't have a library reference
      Warning :     Component [C4] in sheet [C:\Users\Boss\AppData\Local\Temp\Pro41CC.tmp] doesn't have a library reference
      Warning :     Component [C5] in sheet [C:\Users\Boss\AppData\Local\Temp\Pro41CC.tmp] doesn't have a library reference
      Warning :     Component [R3] in sheet [C:\Users\Boss\AppData\Local\Temp\Pro41CC.tmp] doesn't have a library reference
      Warning :     Component [C6] in sheet [C:\Users\Boss\AppData\Local\Temp\Pro41CC.tmp] doesn't have a library reference
      Warning :     Component [X1] in sheet [C:\Users\Boss\AppData\Local\Temp\Pro41CC.tmp] doesn't have a library reference
      Warning :     Component [C7] in sheet [C:\Users\Boss\AppData\Local\Temp\Pro41CC.tmp] doesn't have a library reference
      Warning :     Component [L1] in sheet [C:\Users\Boss\AppData\Local\Temp\Pro41CC.tmp] doesn't have a library reference
      Warning :     Component [C8] in sheet [C:\Users\Boss\AppData\Local\Temp\Pro41CC.tmp] doesn't have a library reference
      Warning :     Component [C9] in sheet [C:\Users\Boss\AppData\Local\Temp\Pro41CC.tmp] doesn't have a library reference
      Warning :     Component [L2] in sheet [C:\Users\Boss\AppData\Local\Temp\Pro41CC.tmp] doesn't have a library reference
      Warning :     Component [C10] in sheet [C:\Users\Boss\AppData\Local\Temp\Pro41CC.tmp] doesn't have a library reference
      Warning :     Component [C11] in sheet [C:\Users\Boss\AppData\Local\Temp\Pro41CC.tmp] doesn't have a library reference
      Warning :     Component [C12] in sheet [C:\Users\Boss\AppData\Local\Temp\Pro41CC.tmp] doesn't have a library reference
      Warning :     Component [Q] in sheet [C:\Users\Boss\AppData\Local\Temp\Pro41CC.tmp] doesn't have a library reference
      Warning :     Component [W] in sheet [C:\Users\Boss\AppData\Local\Temp\Pro41CC.tmp] doesn't have a library reference
      Warning :     Component [E] in sheet [C:\Users\Boss\AppData\Local\Temp\Pro41CC.tmp] doesn't have a library reference
      Warning :     Component [R] in sheet [C:\Users\Boss\AppData\Local\Temp\Pro41CC.tmp] doesn't have a library reference
      Warning :     Component [T] in sheet [C:\Users\Boss\AppData\Local\Temp\Pro41CC.tmp] doesn't have a library reference
      Warning :     Component [Y] in sheet [C:\Users\Boss\AppData\Local\Temp\Pro41CC.tmp] doesn't have a library reference
      Warning :     Component [U] in sheet [C:\Users\Boss\AppData\Local\Temp\Pro41CC.tmp] doesn't have a library reference
      Warning :     Component [I] in sheet [C:\Users\Boss\AppData\Local\Temp\Pro41CC.tmp] doesn't have a library reference
      Warning :     Component [G] in sheet [C:\Users\Boss\AppData\Local\Temp\Pro41CC.tmp] doesn't have a library reference
      Warning :     Component [H] in sheet [C:\Users\Boss\AppData\Local\Temp\Pro41CC.tmp] doesn't have a library reference
      Warning :     Component [J] in sheet [C:\Users\Boss\AppData\Local\Temp\Pro41CC.tmp] doesn't have a library reference
      Warning :     Component [K] in sheet [C:\Users\Boss\AppData\Local\Temp\Pro41CC.tmp] doesn't have a library reference
      Warning :     Component [L] in sheet [C:\Users\Boss\AppData\Local\Temp\Pro41CC.tmp] doesn't have a library reference
      Warning :     Component [Z] in sheet [C:\Users\Boss\AppData\Local\Temp\Pro41CC.tmp] doesn't have a library reference
      Warning :     Component [X] in sheet [C:\Users\Boss\AppData\Local\Temp\Pro41CC.tmp] doesn't have a library reference
      Warning :     Component [BACKSPACE] in sheet [C:\Users\Boss\AppData\Local\Temp\Pro41CC.tmp] doesn't have a library reference
      Warning :     Component [C] in sheet [C:\Users\Boss\AppData\Local\Temp\Pro41CC.tmp] doesn't have a library reference
      Warning :     Component [V] in sheet [C:\Users\Boss\AppData\Local\Temp\Pro41CC.tmp] doesn't have a library reference
      Warning :     Component [B] in sheet [C:\Users\Boss\AppData\Local\Temp\Pro41CC.tmp] doesn't have a library reference
      Warning :     Component [N] in sheet [C:\Users\Boss\AppData\Local\Temp\Pro41CC.tmp] doesn't have a library reference
      Warning :     Component [M] in sheet [C:\Users\Boss\AppData\Local\Temp\Pro41CC.tmp] doesn't have a library reference
      Warning :     Component [,] in sheet [C:\Users\Boss\AppData\Local\Temp\Pro41CC.tmp] doesn't have a library reference
      Warning :     Component [DOT] in sheet [C:\Users\Boss\AppData\Local\Temp\Pro41CC.tmp] doesn't have a library reference
      Warning :     Component [ENTER] in sheet [C:\Users\Boss\AppData\Local\Temp\Pro41CC.tmp] doesn't have a library reference
      Warning :     Component [SHIFT] in sheet [C:\Users\Boss\AppData\Local\Temp\Pro41CC.tmp] doesn't have a library reference
      Warning :     Component [P] in sheet [C:\Users\Boss\AppData\Local\Temp\Pro41CC.tmp] doesn't have a library reference
      Warning :     Component [A] in sheet [C:\Users\Boss\AppData\Local\Temp\Pro41CC.tmp] doesn't have a library reference
      Warning :     Component [S] in sheet [C:\Users\Boss\AppData\Local\Temp\Pro41CC.tmp] doesn't have a library reference
      Warning :     Component [D] in sheet [C:\Users\Boss\AppData\Local\Temp\Pro41CC.tmp] doesn't have a library reference
      Warning :     Component [F] in sheet [C:\Users\Boss\AppData\Local\Temp\Pro41CC.tmp] doesn't have a library reference
      Warning :     Component [O] in sheet [C:\Users\Boss\AppData\Local\Temp\Pro41CC.tmp] doesn't have a library reference
      Warning :     Component [SPACE] in sheet [C:\Users\Boss\AppData\Local\Temp\Pro41CC.tmp] doesn't have a library reference
      Warning :     Component [U3] in sheet [C:\Users\Boss\AppData\Local\Temp\Pro41CC.tmp] doesn't have a library reference
      Warning :     Component [R4] in sheet [C:\Users\Boss\AppData\Local\Temp\Pro41CC.tmp] doesn't have a library reference
      Warning :     Component [R5] in sheet [C:\Users\Boss\AppData\Local\Temp\Pro41CC.tmp] doesn't have a library reference
      Warning :     Component [C14] in sheet [C:\Users\Boss\AppData\Local\Temp\Pro41CC.tmp] doesn't have a library reference
      Warning :     Component [C15] in sheet [C:\Users\Boss\AppData\Local\Temp\Pro41CC.tmp] doesn't have a library reference
      Warning :     Component [J2] in sheet [C:\Users\Boss\AppData\Local\Temp\Pro41CC.tmp] doesn't have a library reference
      Warning :     Component [U4] in sheet [C:\Users\Boss\AppData\Local\Temp\Pro41CC.tmp] doesn't have a library reference
      Warning :     Component [C17] in sheet [C:\Users\Boss\AppData\Local\Temp\Pro41CC.tmp] doesn't have a library reference
      Warning :     Component [C18] in sheet [C:\Users\Boss\AppData\Local\Temp\Pro41CC.tmp] doesn't have a library reference
      Warning :     Component [H2] in sheet [C:\Users\Boss\AppData\Local\Temp\Pro41CC.tmp] doesn't have a library reference
      Warning :     Component [U1] in sheet [C:\Users\Boss\AppData\Local\Temp\Pro41CC.tmp] doesn't have a library reference
      Warning :     Component [U2] in sheet [C:\Users\Boss\AppData\Local\Temp\Pro41CC.tmp] doesn't have a library reference
      Information : End exporting component definitions
      Information : Start exporting component definitions for power ports
      Warning :     End exporting component definitions for powerports
      Information : Start export of netlist
      Information : Start export of component instances
      Information : End export of component instances
      Information : Start export of nets
      Information : End export of nets
      Information : End export of netlist
      Information : Start exporting the objects for sheet [schematic]
      Information : Start WIRES export
      Information : End WIRES export
      Information : Start BUSES export
      Information : End BUSES export
      Information : Start PORTS export
      Information : End PORTS export
      Warning :     P-CAD doesn't support object type [Parameter]
      Warning :     P-CAD doesn't support object type [Parameter]
      Warning :     P-CAD doesn't support object type [Parameter]
      Warning :     P-CAD doesn't support object type [Parameter]
      Warning :     P-CAD doesn't support object type [Parameter]
      Warning :     P-CAD doesn't support object type [Parameter]
      Warning :     P-CAD doesn't support object type [Parameter]
      Warning :     P-CAD doesn't support object type [Parameter]
      Warning :     P-CAD doesn't support object type [Parameter]
      Warning :     P-CAD doesn't support object type [Parameter]
      Warning :     P-CAD doesn't support object type [Parameter]
      Warning :     P-CAD doesn't support object type [Parameter]
      Warning :     P-CAD doesn't support object type [Parameter]
      Warning :     P-CAD doesn't support object type [Parameter]
      Warning :     P-CAD doesn't support object type [Parameter]
      Warning :     P-CAD doesn't support object type [Parameter]
      Warning :     P-CAD doesn't support object type [Parameter]
      Warning :     P-CAD doesn't support object type [Parameter]
      Warning :     P-CAD doesn't support object type [Parameter]
      Warning :     P-CAD doesn't support object type [Parameter]
      Warning :     P-CAD doesn't support object type [Parameter]
      Warning :     P-CAD doesn't support object type [Parameter]
      Warning :     P-CAD doesn't support object type [Parameter]
      Warning :     P-CAD doesn't support object type [Parameter]
      Warning :     P-CAD doesn't support object type [Parameter]
      Warning :     P-CAD doesn't support object type [Parameter]
      Warning :     P-CAD doesn't support object type [Parameter]
      Warning :     Exporting powerport at [1550mil : 8000mil] as component with designator [PVCC1]
      Warning :     Exporting powerport at [10350mil : 8350mil] as component with designator [GND1]
      Warning :     Exporting powerport at [3450mil : 3650mil] as component with designator [GND2]
      Warning :     Exporting powerport at [9550mil : 7150mil] as component with designator [GND3]
      Warning :     Exporting powerport at [9800mil : 7650mil] as component with designator [P3_3V1]
      Warning :     Exporting powerport at [8650mil : 7950mil] as component with designator [GND4]
      Warning :     Exporting powerport at [10950mil : 6300mil] as component with designator [GND5]
      Warning :     Exporting powerport at [14200mil : 7050mil] as component with designator [GND6]
      Warning :     Exporting powerport at [14200mil : 7450mil] as component with designator [P3_3V2]
      Warning :     Exporting powerport at [15950mil : 7550mil] as component with designator [GND7]
      Warning :     Exporting powerport at [4900mil : 4050mil] as component with designator [P3_3V3]
      Warning :     Exporting powerport at [4850mil : 1700mil] as component with designator [GND8]
      Warning :     Exporting powerport at [4250mil : 2300mil] as component with designator [P3_3V4]
      Warning :     Exporting powerport at [4850mil : 2300mil] as component with designator [P3_3V5]
      Warning :     Exporting powerport at [1750mil : 1600mil] as component with designator [GND9]
      Warning :     Exporting powerport at [3400mil : 1600mil] as component with designator [GND10]
      Warning :     Exporting powerport at [3800mil : 2500mil] as component with designator [P3_3V6]
      Information : End exporting the objects for sheet [schematic]
EndLog
